wrz 18, 2021 5:47:21 PM org.jenkinsci.remoting.engine.WorkDirManager initializeWorkDir
INFO: Using /home/marek/remoting as a remoting work directory
wrz 18, 2021 5:47:21 PM org.jenkinsci.remoting.engine.WorkDirManager setupLogging
INFO: Both error and output logs will be printed to /home/marek/remoting
wrz 18, 2021 5:47:21 PM hudson.remoting.jnlp.Main createEngine
INFO: Setting up agent: agent1
wrz 18, 2021 5:47:21 PM hudson.remoting.jnlp.Main$CuiListener <init>
INFO: Jenkins agent is running in headless mode.
wrz 18, 2021 5:47:21 PM hudson.remoting.Engine startEngine
INFO: Using Remoting version: 4.10
wrz 18, 2021 5:47:21 PM org.jenkinsci.remoting.engine.WorkDirManager initializeWorkDir
INFO: Using /home/marek/remoting as a remoting work directory
wrz 18, 2021 5:47:22 PM hudson.remoting.jnlp.Main$CuiListener status
INFO: WebSocket connection open
wrz 18, 2021 5:47:22 PM hudson.remoting.jnlp.Main$CuiListener status
INFO: Connected
WARNING: An illegal reflective access operation has occurred
WARNING: Illegal reflective access by org.jenkinsci.plugins.envinject.service.EnvInjectMasterEnvVarsSetter to field java.lang.reflect.Field.modifiers
WARNING: Please consider reporting this to the maintainers of org.jenkinsci.plugins.envinject.service.EnvInjectMasterEnvVarsSetter
WARNING: Use --illegal-access=warn to enable warnings of further illegal reflective access operations
WARNING: All illegal access operations will be denied in a future release
wrz 18, 2021 5:50:02 PM org.jenkinsci.remoting.engine.WorkDirManager initializeWorkDir
INFO: Using /home/marek/remoting as a remoting work directory
wrz 18, 2021 5:50:02 PM org.jenkinsci.remoting.engine.WorkDirManager setupLogging
INFO: Both error and output logs will be printed to /home/marek/remoting
wrz 18, 2021 5:50:02 PM hudson.remoting.jnlp.Main createEngine
INFO: Setting up agent: agent1
wrz 18, 2021 5:50:02 PM hudson.remoting.jnlp.Main$CuiListener <init>
INFO: Jenkins agent is running in headless mode.
wrz 18, 2021 5:50:02 PM hudson.remoting.Engine startEngine
INFO: Using Remoting version: 4.10
wrz 18, 2021 5:50:02 PM org.jenkinsci.remoting.engine.WorkDirManager initializeWorkDir
INFO: Using /home/marek/remoting as a remoting work directory
wrz 18, 2021 5:50:02 PM hudson.remoting.jnlp.Main$CuiListener status
INFO: WebSocket connection open
wrz 18, 2021 5:50:02 PM hudson.remoting.jnlp.Main$CuiListener status
INFO: Connected
WARNING: An illegal reflective access operation has occurred
WARNING: Illegal reflective access by org.jenkinsci.plugins.envinject.service.EnvInjectMasterEnvVarsSetter to field java.lang.reflect.Field.modifiers
WARNING: Please consider reporting this to the maintainers of org.jenkinsci.plugins.envinject.service.EnvInjectMasterEnvVarsSetter
WARNING: Use --illegal-access=warn to enable warnings of further illegal reflective access operations
WARNING: All illegal access operations will be denied in a future release
wrz 18, 2021 5:50:09 PM org.jenkinsci.remoting.engine.WorkDirManager initializeWorkDir
INFO: Using /home/marek/remoting as a remoting work directory
wrz 18, 2021 5:50:09 PM org.jenkinsci.remoting.engine.WorkDirManager setupLogging
INFO: Both error and output logs will be printed to /home/marek/remoting
wrz 18, 2021 5:50:10 PM hudson.remoting.jnlp.Main createEngine
INFO: Setting up agent: agent1
wrz 18, 2021 5:50:10 PM hudson.remoting.jnlp.Main$CuiListener <init>
INFO: Jenkins agent is running in headless mode.
wrz 18, 2021 5:50:10 PM hudson.remoting.Engine startEngine
INFO: Using Remoting version: 4.10
wrz 18, 2021 5:50:10 PM org.jenkinsci.remoting.engine.WorkDirManager initializeWorkDir
INFO: Using /home/marek/remoting as a remoting work directory
wrz 18, 2021 5:50:10 PM hudson.remoting.jnlp.Main$CuiListener status
INFO: WebSocket connection open
wrz 18, 2021 5:50:10 PM hudson.remoting.jnlp.Main$CuiListener status
INFO: Connected
WARNING: An illegal reflective access operation has occurred
WARNING: Illegal reflective access by org.jenkinsci.plugins.envinject.service.EnvInjectMasterEnvVarsSetter to field java.lang.reflect.Field.modifiers
WARNING: Please consider reporting this to the maintainers of org.jenkinsci.plugins.envinject.service.EnvInjectMasterEnvVarsSetter
WARNING: Use --illegal-access=warn to enable warnings of further illegal reflective access operations
WARNING: All illegal access operations will be denied in a future release
wrz 18, 2021 7:45:56 PM hudson.remoting.jnlp.Main$CuiListener status
INFO: Read side closed
wrz 18, 2021 7:45:56 PM hudson.remoting.jnlp.Main$CuiListener status
INFO: Read side closed
wrz 18, 2021 7:45:56 PM hudson.remoting.jnlp.Main$CuiListener status
INFO: Terminated
wrz 18, 2021 7:45:56 PM hudson.remoting.jnlp.Main$CuiListener status
INFO: http://localhost:8080/login is not ready
java.net.ConnectException: Połączenie odrzucone (Connection refused)
	at java.base/java.net.PlainSocketImpl.socketConnect(Native Method)
	at java.base/java.net.AbstractPlainSocketImpl.doConnect(AbstractPlainSocketImpl.java:399)
	at java.base/java.net.AbstractPlainSocketImpl.connectToAddress(AbstractPlainSocketImpl.java:242)
	at java.base/java.net.AbstractPlainSocketImpl.connect(AbstractPlainSocketImpl.java:224)
	at java.base/java.net.Socket.connect(Socket.java:609)
	at java.base/java.net.Socket.connect(Socket.java:558)
	at java.base/sun.net.NetworkClient.doConnect(NetworkClient.java:182)
	at java.base/sun.net.www.http.HttpClient.openServer(HttpClient.java:474)
	at java.base/sun.net.www.http.HttpClient.openServer(HttpClient.java:569)
	at java.base/sun.net.www.http.HttpClient.<init>(HttpClient.java:242)
	at java.base/sun.net.www.http.HttpClient.New(HttpClient.java:341)
	at java.base/sun.net.www.http.HttpClient.New(HttpClient.java:362)
	at java.base/sun.net.www.protocol.http.HttpURLConnection.getNewHttpClient(HttpURLConnection.java:1253)
	at java.base/sun.net.www.protocol.http.HttpURLConnection.plainConnect0(HttpURLConnection.java:1187)
	at java.base/sun.net.www.protocol.http.HttpURLConnection.plainConnect(HttpURLConnection.java:1081)
	at java.base/sun.net.www.protocol.http.HttpURLConnection.connect(HttpURLConnection.java:1015)
	at java.base/sun.net.www.protocol.http.HttpURLConnection.getInputStream0(HttpURLConnection.java:1592)
	at java.base/sun.net.www.protocol.http.HttpURLConnection.getInputStream(HttpURLConnection.java:1520)
	at java.base/java.net.HttpURLConnection.getResponseCode(HttpURLConnection.java:527)
	at hudson.remoting.Engine.runWebSocket(Engine.java:675)
	at hudson.remoting.Engine.run(Engine.java:496)

wrz 18, 2021 7:46:07 PM hudson.remoting.jnlp.Main$CuiListener status
INFO: http://localhost:8080/login is not ready: 503
wrz 18, 2021 7:46:18 PM hudson.remoting.Engine lambda$new$1
SEVERE: Uncaught exception in Engine thread Thread[Thread-0,5,main]
java.lang.NoClassDefFoundError: jenkins/slaves/restarter/JnlpSlaveRestarterInstaller
	at jenkins.slaves.restarter.JnlpSlaveRestarterInstaller$FindEffectiveRestarters$1.onReconnect(JnlpSlaveRestarterInstaller.java:92)
	at hudson.remoting.EngineListenerSplitter.onReconnect(EngineListenerSplitter.java:54)
	at hudson.remoting.Engine.runWebSocket(Engine.java:687)
	at hudson.remoting.Engine.run(Engine.java:496)
Caused by: java.lang.ClassNotFoundException: jenkins.slaves.restarter.JnlpSlaveRestarterInstaller
	at java.base/java.net.URLClassLoader.findClass(URLClassLoader.java:471)
	at hudson.remoting.RemoteClassLoader.findClass(RemoteClassLoader.java:215)
	at java.base/java.lang.ClassLoader.loadClass(ClassLoader.java:589)
	at java.base/java.lang.ClassLoader.loadClass(ClassLoader.java:522)
	... 4 more

wrz 18, 2021 8:49:42 PM org.jenkinsci.remoting.engine.WorkDirManager initializeWorkDir
INFO: Using /home/marek/remoting as a remoting work directory
wrz 18, 2021 8:49:42 PM org.jenkinsci.remoting.engine.WorkDirManager setupLogging
INFO: Both error and output logs will be printed to /home/marek/remoting
wrz 18, 2021 8:49:42 PM hudson.remoting.jnlp.Main createEngine
INFO: Setting up agent: agent1
wrz 18, 2021 8:49:42 PM hudson.remoting.jnlp.Main$CuiListener <init>
INFO: Jenkins agent is running in headless mode.
wrz 18, 2021 8:49:42 PM hudson.remoting.Engine startEngine
INFO: Using Remoting version: 4.10
wrz 18, 2021 8:49:42 PM org.jenkinsci.remoting.engine.WorkDirManager initializeWorkDir
INFO: Using /home/marek/remoting as a remoting work directory
wrz 18, 2021 8:49:42 PM hudson.remoting.jnlp.Main$CuiListener status
INFO: WebSocket connection open
wrz 18, 2021 8:49:42 PM hudson.remoting.jnlp.Main$CuiListener status
INFO: Connected
WARNING: An illegal reflective access operation has occurred
WARNING: Illegal reflective access by org.jenkinsci.plugins.envinject.service.EnvInjectMasterEnvVarsSetter to field java.lang.reflect.Field.modifiers
WARNING: Please consider reporting this to the maintainers of org.jenkinsci.plugins.envinject.service.EnvInjectMasterEnvVarsSetter
WARNING: Use --illegal-access=warn to enable warnings of further illegal reflective access operations
WARNING: All illegal access operations will be denied in a future release
wrz 18, 2021 8:57:05 PM hudson.remoting.jnlp.Main$CuiListener status
INFO: Read side closed
wrz 18, 2021 8:57:05 PM hudson.remoting.jnlp.Main$CuiListener status
INFO: Read side closed
wrz 18, 2021 8:57:05 PM hudson.remoting.jnlp.Main$CuiListener status
INFO: Terminated
wrz 18, 2021 8:57:05 PM hudson.remoting.jnlp.Main$CuiListener status
INFO: http://localhost:8080/login is not ready
java.net.ConnectException: Połączenie odrzucone (Connection refused)
	at java.base/java.net.PlainSocketImpl.socketConnect(Native Method)
	at java.base/java.net.AbstractPlainSocketImpl.doConnect(AbstractPlainSocketImpl.java:399)
	at java.base/java.net.AbstractPlainSocketImpl.connectToAddress(AbstractPlainSocketImpl.java:242)
	at java.base/java.net.AbstractPlainSocketImpl.connect(AbstractPlainSocketImpl.java:224)
	at java.base/java.net.Socket.connect(Socket.java:609)
	at java.base/java.net.Socket.connect(Socket.java:558)
	at java.base/sun.net.NetworkClient.doConnect(NetworkClient.java:182)
	at java.base/sun.net.www.http.HttpClient.openServer(HttpClient.java:474)
	at java.base/sun.net.www.http.HttpClient.openServer(HttpClient.java:569)
	at java.base/sun.net.www.http.HttpClient.<init>(HttpClient.java:242)
	at java.base/sun.net.www.http.HttpClient.New(HttpClient.java:341)
	at java.base/sun.net.www.http.HttpClient.New(HttpClient.java:362)
	at java.base/sun.net.www.protocol.http.HttpURLConnection.getNewHttpClient(HttpURLConnection.java:1253)
	at java.base/sun.net.www.protocol.http.HttpURLConnection.plainConnect0(HttpURLConnection.java:1187)
	at java.base/sun.net.www.protocol.http.HttpURLConnection.plainConnect(HttpURLConnection.java:1081)
	at java.base/sun.net.www.protocol.http.HttpURLConnection.connect(HttpURLConnection.java:1015)
	at java.base/sun.net.www.protocol.http.HttpURLConnection.getInputStream0(HttpURLConnection.java:1592)
	at java.base/sun.net.www.protocol.http.HttpURLConnection.getInputStream(HttpURLConnection.java:1520)
	at java.base/java.net.HttpURLConnection.getResponseCode(HttpURLConnection.java:527)
	at hudson.remoting.Engine.runWebSocket(Engine.java:675)
	at hudson.remoting.Engine.run(Engine.java:496)

